[16:13:06] [ServerMain/INFO]: Building unoptimized datafixer
[16:13:07] [ServerMain/INFO]: Environment: authHost='https://authserver.mojang.com', accountsHost='https://api.mojang.com', sessionHost='https://sessionserver.mojang.com', servicesHost='https://api.minecraftservices.com', name='PROD'
[16:13:07] [ServerMain/INFO]: Found new data pack file/bukkit, loading it automatically
[16:13:08] [ServerMain/INFO]: Loaded 7 recipes
[16:13:10] [Server thread/INFO]: Starting minecraft server version 1.19
[16:13:10] [Server thread/INFO]: Loading properties
[16:13:10] [Server thread/INFO]: This server is running Paper version git-Paper-81 (MC: 1.19) (Implementing API version 1.19-R0.1-SNAPSHOT) (Git: 86f87ba)
[16:13:10] [Server thread/INFO]: Server Ping Player Sample Count: 12
[16:13:10] [Server thread/INFO]: Using 4 threads for Netty based IO
[16:13:10] [Server thread/INFO]: Default game type: SURVIVAL
[16:13:10] [Server thread/INFO]: Generating keypair
[16:13:10] [Server thread/INFO]: Starting Minecraft server on *:25565
[16:13:10] [Server thread/INFO]: Using epoll channel type
[16:13:10] [Server thread/INFO]: Paper: Using libdeflate (Linux x86_64) compression from Velocity.
[16:13:10] [Server thread/INFO]: Paper: Using OpenSSL 1.1.x (Linux x86_64) cipher from Velocity.
[16:13:10] [Server thread/WARN]: **** SERVER IS RUNNING IN OFFLINE/INSECURE MODE!
[16:13:10] [Server thread/WARN]: The server will make no attempt to authenticate usernames. Beware.
[16:13:10] [Server thread/WARN]: While this makes the game possible to play without internet access, it also opens up the ability for hackers to connect with any username they choose.
[16:13:10] [Server thread/WARN]: To change this, set "online-mode" to "true" in the server.properties file.
[16:13:10] [Server thread/INFO]: Preparing level "world"
[16:13:26] [Server thread/INFO]: Preparing start region for dimension minecraft:overworld
[16:13:26] [Server thread/INFO]: Time elapsed: 394 ms
[16:13:26] [Server thread/INFO]: Preparing start region for dimension minecraft:the_nether
[16:13:26] [Worker-Main-1/INFO]: Preparing spawn area: 0%
[16:13:27] [Server thread/INFO]: Time elapsed: 487 ms
[16:13:27] [Server thread/INFO]: Preparing start region for dimension minecraft:the_end
[16:13:27] [Server thread/INFO]: Time elapsed: 304 ms
[16:13:27] [Server thread/INFO]: Running delayed init tasks
[16:13:27] [Server thread/INFO]: Done (17.390s)! For help, type "help"
[16:13:27] [Server thread/INFO]: Timings Reset
[16:17:11] [User Authenticator #1/INFO]: UUID of player TonyML is dacd05fb-9f75-32bf-99c4-530e7ea83c9d
[16:17:11] [Server thread/INFO]: TonyML joined the game
[16:17:11] [Server thread/INFO]: TonyML[/127.224.201.115:52983] logged in with entity id 502 at ([world]325.5, 71.0, -137.5)
[16:17:43] [Server thread/INFO]: TonyML lost connection: Disconnected
[16:17:43] [Server thread/INFO]: TonyML left the game
[16:18:00] [Server thread/INFO]: Stopping server
[16:18:00] [Server thread/INFO]: Saving players
[16:18:00] [Server thread/INFO]: Saving worlds
[16:18:00] [Server thread/INFO]: Saving chunks for level 'ServerLevel[world]'/minecraft:overworld
[16:18:03] [Server thread/INFO]: Saving chunks for level 'ServerLevel[world_nether]'/minecraft:the_nether
[16:18:03] [Server thread/INFO]: Saving chunks for level 'ServerLevel[world_the_end]'/minecraft:the_end
[16:18:03] [Server thread/INFO]: ThreadedAnvilChunkStorage (world): All chunks are saved
[16:18:03] [Server thread/INFO]: ThreadedAnvilChunkStorage (DIM-1): All chunks are saved
[16:18:03] [Server thread/INFO]: ThreadedAnvilChunkStorage (DIM1): All chunks are saved
[16:18:03] [Server thread/INFO]: ThreadedAnvilChunkStorage: All dimensions are saved
[16:18:03] [Server thread/INFO]: Flushing Chunk IO
[16:18:03] [Server thread/INFO]: Closing Thread Pool
[16:18:03] [Server thread/INFO]: Closing Server
